{"/Users/rileycook/xmesh/onefi/api/account.js": {"path":"/Users/rileycook/xmesh/onefi/api/account.js","statementMap":{"0":{"start":{"line":27,"column":15},"end":{"line":27,"column":30}},"1":{"start":{"line":28,"column":15},"end":{"line":28,"column":25}},"2":{"start":{"line":29,"column":22},"end":{"line":29,"column":44}},"3":{"start":{"line":30,"column":15},"end":{"line":30,"column":28}},"4":{"start":{"line":32,"column":14},"end":{"line":32,"column":75}},"5":{"start":{"line":33,"column":21},"end":{"line":33,"column":118}},"6":{"start":{"line":34,"column":18},"end":{"line":34,"column":54}},"7":{"start":{"line":35,"column":4},"end":{"line":35,"column":34}},"8":{"start":{"line":36,"column":4},"end":{"line":36,"column":40}},"9":{"start":{"line":37,"column":4},"end":{"line":37,"column":95}},"10":{"start":{"line":39,"column":4},"end":{"line":39,"column":15}},"11":{"start":{"line":49,"column":15},"end":{"line":49,"column":30}},"12":{"start":{"line":50,"column":15},"end":{"line":50,"column":25}},"13":{"start":{"line":51,"column":22},"end":{"line":51,"column":44}},"14":{"start":{"line":52,"column":15},"end":{"line":52,"column":28}},"15":{"start":{"line":53,"column":14},"end":{"line":53,"column":75}},"16":{"start":{"line":54,"column":18},"end":{"line":54,"column":60}},"17":{"start":{"line":55,"column":4},"end":{"line":55,"column":34}},"18":{"start":{"line":56,"column":4},"end":{"line":56,"column":40}},"19":{"start":{"line":57,"column":4},"end":{"line":57,"column":95}},"20":{"start":{"line":59,"column":4},"end":{"line":59,"column":15}},"21":{"start":{"line":68,"column":22},"end":{"line":68,"column":44}},"22":{"start":{"line":69,"column":19},"end":{"line":69,"column":38}},"23":{"start":{"line":70,"column":22},"end":{"line":70,"column":50}},"24":{"start":{"line":71,"column":14},"end":{"line":71,"column":86}},"25":{"start":{"line":73,"column":4},"end":{"line":75,"column":5}},"26":{"start":{"line":74,"column":8},"end":{"line":74,"column":18}},"27":{"start":{"line":77,"column":4},"end":{"line":77,"column":15}},"28":{"start":{"line":86,"column":16},"end":{"line":86,"column":20}},"29":{"start":{"line":87,"column":4},"end":{"line":91,"column":5}},"30":{"start":{"line":88,"column":8},"end":{"line":90,"column":9}},"31":{"start":{"line":89,"column":12},"end":{"line":89,"column":32}},"32":{"start":{"line":92,"column":4},"end":{"line":101,"column":5}},"33":{"start":{"line":93,"column":8},"end":{"line":98,"column":9}},"34":{"start":{"line":93,"column":20},"end":{"line":93,"column":21}},"35":{"start":{"line":94,"column":12},"end":{"line":97,"column":13}},"36":{"start":{"line":95,"column":14},"end":{"line":95,"column":28}},"37":{"start":{"line":96,"column":14},"end":{"line":96,"column":20}},"38":{"start":{"line":100,"column":6},"end":{"line":100,"column":20}},"39":{"start":{"line":103,"column":4},"end":{"line":103,"column":17}},"40":{"start":{"line":113,"column":4},"end":{"line":115,"column":5}},"41":{"start":{"line":114,"column":8},"end":{"line":114,"column":21}},"42":{"start":{"line":117,"column":15},"end":{"line":117,"column":30}},"43":{"start":{"line":118,"column":15},"end":{"line":118,"column":25}},"44":{"start":{"line":119,"column":18},"end":{"line":119,"column":60}},"45":{"start":{"line":120,"column":4},"end":{"line":120,"column":67}},"46":{"start":{"line":129,"column":19},"end":{"line":129,"column":38}},"47":{"start":{"line":130,"column":22},"end":{"line":130,"column":50}},"48":{"start":{"line":132,"column":4},"end":{"line":132,"column":34}},"49":{"start":{"line":133,"column":4},"end":{"line":133,"column":37}},"50":{"start":{"line":134,"column":4},"end":{"line":134,"column":43}},"51":{"start":{"line":135,"column":4},"end":{"line":135,"column":36}},"52":{"start":{"line":137,"column":4},"end":{"line":137,"column":52}},"53":{"start":{"line":146,"column":15},"end":{"line":146,"column":30}},"54":{"start":{"line":147,"column":15},"end":{"line":147,"column":25}},"55":{"start":{"line":148,"column":4},"end":{"line":148,"column":41}},"56":{"start":{"line":158,"column":20},"end":{"line":158,"column":39}},"57":{"start":{"line":159,"column":22},"end":{"line":159,"column":50}},"58":{"start":{"line":161,"column":4},"end":{"line":163,"column":5}},"59":{"start":{"line":162,"column":8},"end":{"line":162,"column":17}},"60":{"start":{"line":165,"column":4},"end":{"line":165,"column":67}},"61":{"start":{"line":169,"column":0},"end":{"line":178,"column":2}}},"fnMap":{"0":{"name":"generate_account","decl":{"start":{"line":26,"column":9},"end":{"line":26,"column":25}},"loc":{"start":{"line":26,"column":42},"end":{"line":40,"column":1}},"line":26},"1":{"name":"import_account","decl":{"start":{"line":48,"column":9},"end":{"line":48,"column":23}},"loc":{"start":{"line":48,"column":39},"end":{"line":60,"column":1}},"line":48},"2":{"name":"get_prk","decl":{"start":{"line":67,"column":9},"end":{"line":67,"column":16}},"loc":{"start":{"line":67,"column":27},"end":{"line":78,"column":1}},"line":67},"3":{"name":"test_prk_format","decl":{"start":{"line":85,"column":9},"end":{"line":85,"column":24}},"loc":{"start":{"line":85,"column":30},"end":{"line":104,"column":1}},"line":85},"4":{"name":"test_prk","decl":{"start":{"line":112,"column":9},"end":{"line":112,"column":17}},"loc":{"start":{"line":112,"column":32},"end":{"line":121,"column":1}},"line":112},"5":{"name":"delete_current_account","decl":{"start":{"line":128,"column":9},"end":{"line":128,"column":31}},"loc":{"start":{"line":128,"column":34},"end":{"line":138,"column":1}},"line":128},"6":{"name":"test_address","decl":{"start":{"line":145,"column":9},"end":{"line":145,"column":21}},"loc":{"start":{"line":145,"column":31},"end":{"line":149,"column":1}},"line":145},"7":{"name":"get_account_raw_prefix","decl":{"start":{"line":157,"column":9},"end":{"line":157,"column":31}},"loc":{"start":{"line":157,"column":34},"end":{"line":166,"column":1}},"line":157}},"branchMap":{"0":{"loc":{"start":{"line":73,"column":4},"end":{"line":75,"column":5}},"type":"if","locations":[{"start":{"line":73,"column":4},"end":{"line":75,"column":5}},{"start":{},"end":{}}],"line":73},"1":{"loc":{"start":{"line":73,"column":7},"end":{"line":73,"column":45}},"type":"binary-expr","locations":[{"start":{"line":73,"column":7},"end":{"line":73,"column":24}},{"start":{"line":73,"column":28},"end":{"line":73,"column":45}}],"line":73},"2":{"loc":{"start":{"line":87,"column":4},"end":{"line":91,"column":5}},"type":"if","locations":[{"start":{"line":87,"column":4},"end":{"line":91,"column":5}},{"start":{},"end":{}}],"line":87},"3":{"loc":{"start":{"line":88,"column":8},"end":{"line":90,"column":9}},"type":"if","locations":[{"start":{"line":88,"column":8},"end":{"line":90,"column":9}},{"start":{},"end":{}}],"line":88},"4":{"loc":{"start":{"line":88,"column":11},"end":{"line":88,"column":43}},"type":"binary-expr","locations":[{"start":{"line":88,"column":11},"end":{"line":88,"column":25}},{"start":{"line":88,"column":29},"end":{"line":88,"column":43}}],"line":88},"5":{"loc":{"start":{"line":92,"column":4},"end":{"line":101,"column":5}},"type":"if","locations":[{"start":{"line":92,"column":4},"end":{"line":101,"column":5}},{"start":{"line":99,"column":11},"end":{"line":101,"column":5}}],"line":92},"6":{"loc":{"start":{"line":94,"column":12},"end":{"line":97,"column":13}},"type":"if","locations":[{"start":{"line":94,"column":12},"end":{"line":97,"column":13}},{"start":{},"end":{}}],"line":94},"7":{"loc":{"start":{"line":113,"column":4},"end":{"line":115,"column":5}},"type":"if","locations":[{"start":{"line":113,"column":4},"end":{"line":115,"column":5}},{"start":{},"end":{}}],"line":113},"8":{"loc":{"start":{"line":161,"column":4},"end":{"line":163,"column":5}},"type":"if","locations":[{"start":{"line":161,"column":4},"end":{"line":163,"column":5}},{"start":{},"end":{}}],"line":161}},"s":{"0":1,"1":1,"2":1,"3":1,"4":1,"5":1,"6":1,"7":1,"8":1,"9":1,"10":1,"11":1,"12":1,"13":1,"14":1,"15":1,"16":1,"17":1,"18":1,"19":1,"20":1,"21":1,"22":1,"23":1,"24":1,"25":1,"26":0,"27":1,"28":4,"29":4,"30":4,"31":3,"32":4,"33":4,"34":4,"35":256,"36":0,"37":0,"38":0,"39":4,"40":2,"41":0,"42":2,"43":2,"44":2,"45":2,"46":1,"47":1,"48":1,"49":1,"50":1,"51":1,"52":1,"53":4,"54":4,"55":4,"56":1,"57":1,"58":1,"59":0,"60":1,"61":1},"f":{"0":1,"1":1,"2":1,"3":4,"4":2,"5":1,"6":4,"7":1},"b":{"0":[0,1],"1":[1,1],"2":[4,0],"3":[3,1],"4":[4,3],"5":[4,0],"6":[0,256],"7":[0,2],"8":[0,1]},"_coverageSchema":"1a1c01bbd47fc00a2c39e90264f33305004495a9","hash":"5a5767368658ab60eb6ad66cf32f3460fb2abd26"}
,"/Users/rileycook/xmesh/onefi/api/config.js": {"path":"/Users/rileycook/xmesh/onefi/api/config.js","statementMap":{"0":{"start":{"line":26,"column":13},"end":{"line":26,"column":26}},"1":{"start":{"line":27,"column":21},"end":{"line":27,"column":47}},"2":{"start":{"line":29,"column":14},"end":{"line":29,"column":16}},"3":{"start":{"line":30,"column":4},"end":{"line":34,"column":5}},"4":{"start":{"line":31,"column":8},"end":{"line":31,"column":39}},"5":{"start":{"line":33,"column":8},"end":{"line":33,"column":45}},"6":{"start":{"line":36,"column":15},"end":{"line":36,"column":72}},"7":{"start":{"line":37,"column":4},"end":{"line":41,"column":5}},"8":{"start":{"line":38,"column":8},"end":{"line":38,"column":31}},"9":{"start":{"line":40,"column":8},"end":{"line":40,"column":17}},"10":{"start":{"line":43,"column":4},"end":{"line":47,"column":5}},"11":{"start":{"line":44,"column":8},"end":{"line":44,"column":41}},"12":{"start":{"line":46,"column":8},"end":{"line":46,"column":47}},"13":{"start":{"line":49,"column":4},"end":{"line":49,"column":15}},"14":{"start":{"line":59,"column":13},"end":{"line":59,"column":26}},"15":{"start":{"line":60,"column":19},"end":{"line":60,"column":45}},"16":{"start":{"line":62,"column":4},"end":{"line":66,"column":5}},"17":{"start":{"line":63,"column":8},"end":{"line":63,"column":39}},"18":{"start":{"line":65,"column":8},"end":{"line":65,"column":45}},"19":{"start":{"line":68,"column":15},"end":{"line":68,"column":42}},"20":{"start":{"line":69,"column":12},"end":{"line":69,"column":47}},"21":{"start":{"line":71,"column":4},"end":{"line":75,"column":5}},"22":{"start":{"line":72,"column":8},"end":{"line":72,"column":41}},"23":{"start":{"line":74,"column":8},"end":{"line":74,"column":47}},"24":{"start":{"line":77,"column":4},"end":{"line":81,"column":5}},"25":{"start":{"line":78,"column":8},"end":{"line":78,"column":21}},"26":{"start":{"line":80,"column":8},"end":{"line":80,"column":20}},"27":{"start":{"line":89,"column":20},"end":{"line":89,"column":43}},"28":{"start":{"line":90,"column":17},"end":{"line":90,"column":32}},"29":{"start":{"line":91,"column":4},"end":{"line":91,"column":45}},"30":{"start":{"line":99,"column":15},"end":{"line":99,"column":28}},"31":{"start":{"line":100,"column":22},"end":{"line":100,"column":48}},"32":{"start":{"line":102,"column":4},"end":{"line":108,"column":5}},"33":{"start":{"line":103,"column":8},"end":{"line":105,"column":9}},"34":{"start":{"line":104,"column":12},"end":{"line":104,"column":24}},"35":{"start":{"line":107,"column":8},"end":{"line":107,"column":21}},"36":{"start":{"line":110,"column":4},"end":{"line":110,"column":17}},"37":{"start":{"line":119,"column":15},"end":{"line":119,"column":28}},"38":{"start":{"line":122,"column":5},"end":{"line":134,"column":5}},"39":{"start":{"line":123,"column":22},"end":{"line":123,"column":76}},"40":{"start":{"line":125,"column":8},"end":{"line":130,"column":9}},"41":{"start":{"line":126,"column":12},"end":{"line":126,"column":66}},"42":{"start":{"line":128,"column":12},"end":{"line":128,"column":31}},"43":{"start":{"line":129,"column":12},"end":{"line":129,"column":25}},"44":{"start":{"line":133,"column":8},"end":{"line":133,"column":26}},"45":{"start":{"line":136,"column":4},"end":{"line":136,"column":16}},"46":{"start":{"line":146,"column":4},"end":{"line":151,"column":5}},"47":{"start":{"line":147,"column":8},"end":{"line":147,"column":22}},"48":{"start":{"line":148,"column":8},"end":{"line":148,"column":20}},"49":{"start":{"line":150,"column":8},"end":{"line":150,"column":21}},"50":{"start":{"line":160,"column":4},"end":{"line":160,"column":42}},"51":{"start":{"line":169,"column":4},"end":{"line":169,"column":56}},"52":{"start":{"line":177,"column":4},"end":{"line":177,"column":52}},"53":{"start":{"line":186,"column":4},"end":{"line":186,"column":55}},"54":{"start":{"line":189,"column":0},"end":{"line":199,"column":2}}},"fnMap":{"0":{"name":"read_config","decl":{"start":{"line":25,"column":9},"end":{"line":25,"column":20}},"loc":{"start":{"line":25,"column":34},"end":{"line":50,"column":1}},"line":25},"1":{"name":"write_config","decl":{"start":{"line":58,"column":9},"end":{"line":58,"column":21}},"loc":{"start":{"line":58,"column":48},"end":{"line":82,"column":1}},"line":58},"2":{"name":"get_config_path","decl":{"start":{"line":88,"column":10},"end":{"line":88,"column":25}},"loc":{"start":{"line":88,"column":28},"end":{"line":92,"column":2}},"line":88},"3":{"name":"config_exists","decl":{"start":{"line":98,"column":10},"end":{"line":98,"column":23}},"loc":{"start":{"line":98,"column":26},"end":{"line":111,"column":2}},"line":98},"4":{"name":"config_init","decl":{"start":{"line":118,"column":9},"end":{"line":118,"column":20}},"loc":{"start":{"line":118,"column":23},"end":{"line":137,"column":1}},"line":118},"5":{"name":"config_init_if_absent","decl":{"start":{"line":145,"column":9},"end":{"line":145,"column":30}},"loc":{"start":{"line":145,"column":33},"end":{"line":152,"column":1}},"line":145},"6":{"name":"read_default_config","decl":{"start":{"line":159,"column":9},"end":{"line":159,"column":28}},"loc":{"start":{"line":159,"column":31},"end":{"line":161,"column":1}},"line":159},"7":{"name":"write_default_config","decl":{"start":{"line":168,"column":9},"end":{"line":168,"column":29}},"loc":{"start":{"line":168,"column":43},"end":{"line":170,"column":1}},"line":168},"8":{"name":"read_default_config_db","decl":{"start":{"line":176,"column":9},"end":{"line":176,"column":31}},"loc":{"start":{"line":176,"column":42},"end":{"line":178,"column":1}},"line":176},"9":{"name":"write_default_config_db","decl":{"start":{"line":185,"column":9},"end":{"line":185,"column":32}},"loc":{"start":{"line":185,"column":56},"end":{"line":187,"column":1}},"line":185}},"branchMap":{"0":{"loc":{"start":{"line":77,"column":4},"end":{"line":81,"column":5}},"type":"if","locations":[{"start":{"line":77,"column":4},"end":{"line":81,"column":5}},{"start":{"line":79,"column":11},"end":{"line":81,"column":5}}],"line":77},"1":{"loc":{"start":{"line":103,"column":8},"end":{"line":105,"column":9}},"type":"if","locations":[{"start":{"line":103,"column":8},"end":{"line":105,"column":9}},{"start":{},"end":{}}],"line":103},"2":{"loc":{"start":{"line":146,"column":4},"end":{"line":151,"column":5}},"type":"if","locations":[{"start":{"line":146,"column":4},"end":{"line":151,"column":5}},{"start":{"line":149,"column":11},"end":{"line":151,"column":5}}],"line":146}},"s":{"0":9,"1":9,"2":9,"3":9,"4":9,"5":0,"6":9,"7":9,"8":9,"9":0,"10":9,"11":9,"12":0,"13":9,"14":3,"15":3,"16":3,"17":3,"18":0,"19":3,"20":3,"21":3,"22":3,"23":0,"24":3,"25":0,"26":3,"27":12,"28":12,"29":12,"30":0,"31":0,"32":0,"33":0,"34":0,"35":0,"36":0,"37":0,"38":0,"39":0,"40":0,"41":0,"42":0,"43":0,"44":0,"45":0,"46":0,"47":0,"48":0,"49":0,"50":9,"51":3,"52":0,"53":0,"54":2},"f":{"0":9,"1":3,"2":12,"3":0,"4":0,"5":0,"6":9,"7":3,"8":0,"9":0},"b":{"0":[0,3],"1":[0,0],"2":[0,0]},"_coverageSchema":"1a1c01bbd47fc00a2c39e90264f33305004495a9","hash":"f69937be6a1ec0f07c158b9dbef9e1bae4d5fe30"}
,"/Users/rileycook/xmesh/onefi/api/fast_hotspot_selection.js": {"path":"/Users/rileycook/xmesh/onefi/api/fast_hotspot_selection.js","statementMap":{"0":{"start":{"line":27,"column":16},"end":{"line":27,"column":17}},"1":{"start":{"line":29,"column":4},"end":{"line":31,"column":5}},"2":{"start":{"line":30,"column":8},"end":{"line":30,"column":43}},"3":{"start":{"line":33,"column":4},"end":{"line":35,"column":5}},"4":{"start":{"line":34,"column":8},"end":{"line":34,"column":43}},"5":{"start":{"line":37,"column":4},"end":{"line":39,"column":5}},"6":{"start":{"line":38,"column":8},"end":{"line":38,"column":42}},"7":{"start":{"line":41,"column":4},"end":{"line":43,"column":5}},"8":{"start":{"line":42,"column":8},"end":{"line":42,"column":42}},"9":{"start":{"line":45,"column":4},"end":{"line":47,"column":5}},"10":{"start":{"line":46,"column":8},"end":{"line":46,"column":42}},"11":{"start":{"line":49,"column":4},"end":{"line":51,"column":5}},"12":{"start":{"line":50,"column":8},"end":{"line":50,"column":41}},"13":{"start":{"line":53,"column":30},"end":{"line":53,"column":71}},"14":{"start":{"line":54,"column":4},"end":{"line":54,"column":50}},"15":{"start":{"line":55,"column":4},"end":{"line":55,"column":52}},"16":{"start":{"line":57,"column":4},"end":{"line":57,"column":33}},"17":{"start":{"line":59,"column":4},"end":{"line":61,"column":5}},"18":{"start":{"line":60,"column":8},"end":{"line":60,"column":33}},"19":{"start":{"line":63,"column":26},"end":{"line":63,"column":65}},"20":{"start":{"line":64,"column":4},"end":{"line":64,"column":46}},"21":{"start":{"line":65,"column":4},"end":{"line":65,"column":46}},"22":{"start":{"line":66,"column":4},"end":{"line":66,"column":44}},"23":{"start":{"line":67,"column":4},"end":{"line":67,"column":29}},"24":{"start":{"line":69,"column":28},"end":{"line":69,"column":69}},"25":{"start":{"line":70,"column":4},"end":{"line":70,"column":48}},"26":{"start":{"line":71,"column":4},"end":{"line":71,"column":31}},"27":{"start":{"line":73,"column":26},"end":{"line":73,"column":65}},"28":{"start":{"line":74,"column":4},"end":{"line":74,"column":44}},"29":{"start":{"line":75,"column":4},"end":{"line":75,"column":29}},"30":{"start":{"line":77,"column":21},"end":{"line":77,"column":55}},"31":{"start":{"line":78,"column":4},"end":{"line":78,"column":34}},"32":{"start":{"line":79,"column":4},"end":{"line":79,"column":33}},"33":{"start":{"line":80,"column":4},"end":{"line":80,"column":24}},"34":{"start":{"line":82,"column":25},"end":{"line":82,"column":63}},"35":{"start":{"line":83,"column":4},"end":{"line":83,"column":28}},"36":{"start":{"line":85,"column":4},"end":{"line":85,"column":17}},"37":{"start":{"line":94,"column":19},"end":{"line":94,"column":43}},"38":{"start":{"line":95,"column":25},"end":{"line":95,"column":55}},"39":{"start":{"line":96,"column":17},"end":{"line":96,"column":39}},"40":{"start":{"line":98,"column":22},"end":{"line":98,"column":50}},"41":{"start":{"line":100,"column":16},"end":{"line":100,"column":55}},"42":{"start":{"line":102,"column":4},"end":{"line":127,"column":5}},"43":{"start":{"line":102,"column":16},"end":{"line":102,"column":17}},"44":{"start":{"line":104,"column":24},"end":{"line":104,"column":63}},"45":{"start":{"line":106,"column":32},"end":{"line":106,"column":88}},"46":{"start":{"line":108,"column":32},"end":{"line":122,"column":9}},"47":{"start":{"line":125,"column":8},"end":{"line":125,"column":21}},"48":{"start":{"line":126,"column":8},"end":{"line":126,"column":51}},"49":{"start":{"line":129,"column":19},"end":{"line":129,"column":35}},"50":{"start":{"line":130,"column":24},"end":{"line":130,"column":26}},"51":{"start":{"line":131,"column":4},"end":{"line":136,"column":5}},"52":{"start":{"line":131,"column":17},"end":{"line":131,"column":18}},"53":{"start":{"line":132,"column":8},"end":{"line":135,"column":9}},"54":{"start":{"line":133,"column":12},"end":{"line":133,"column":32}},"55":{"start":{"line":134,"column":12},"end":{"line":134,"column":30}},"56":{"start":{"line":138,"column":4},"end":{"line":138,"column":25}},"57":{"start":{"line":147,"column":19},"end":{"line":147,"column":35}},"58":{"start":{"line":148,"column":22},"end":{"line":148,"column":24}},"59":{"start":{"line":150,"column":4},"end":{"line":155,"column":5}},"60":{"start":{"line":150,"column":16},"end":{"line":150,"column":17}},"61":{"start":{"line":151,"column":8},"end":{"line":154,"column":9}},"62":{"start":{"line":152,"column":12},"end":{"line":152,"column":40}},"63":{"start":{"line":153,"column":12},"end":{"line":153,"column":28}},"64":{"start":{"line":157,"column":4},"end":{"line":157,"column":23}},"65":{"start":{"line":171,"column":4},"end":{"line":171,"column":35}},"66":{"start":{"line":172,"column":17},"end":{"line":172,"column":34}},"67":{"start":{"line":173,"column":4},"end":{"line":173,"column":35}},"68":{"start":{"line":174,"column":25},"end":{"line":174,"column":50}},"69":{"start":{"line":175,"column":4},"end":{"line":175,"column":35}},"70":{"start":{"line":176,"column":38},"end":{"line":176,"column":76}},"71":{"start":{"line":177,"column":4},"end":{"line":177,"column":35}},"72":{"start":{"line":180,"column":4},"end":{"line":180,"column":35}},"73":{"start":{"line":181,"column":27},"end":{"line":181,"column":95}},"74":{"start":{"line":182,"column":4},"end":{"line":182,"column":74}},"75":{"start":{"line":183,"column":19},"end":{"line":183,"column":35}},"76":{"start":{"line":184,"column":4},"end":{"line":184,"column":58}},"77":{"start":{"line":185,"column":22},"end":{"line":185,"column":24}},"78":{"start":{"line":186,"column":4},"end":{"line":186,"column":64}},"79":{"start":{"line":188,"column":4},"end":{"line":206,"column":5}},"80":{"start":{"line":188,"column":16},"end":{"line":188,"column":17}},"81":{"start":{"line":189,"column":20},"end":{"line":189,"column":59}},"82":{"start":{"line":190,"column":19},"end":{"line":190,"column":31}},"83":{"start":{"line":191,"column":19},"end":{"line":191,"column":71}},"84":{"start":{"line":193,"column":8},"end":{"line":198,"column":9}},"85":{"start":{"line":194,"column":12},"end":{"line":194,"column":48}},"86":{"start":{"line":195,"column":12},"end":{"line":197,"column":13}},"87":{"start":{"line":196,"column":16},"end":{"line":196,"column":25}},"88":{"start":{"line":202,"column":8},"end":{"line":205,"column":9}},"89":{"start":{"line":203,"column":12},"end":{"line":203,"column":40}},"90":{"start":{"line":204,"column":12},"end":{"line":204,"column":28}},"91":{"start":{"line":208,"column":4},"end":{"line":208,"column":64}},"92":{"start":{"line":210,"column":4},"end":{"line":210,"column":23}},"93":{"start":{"line":213,"column":0},"end":{"line":213,"column":99}}},"fnMap":{"0":{"name":"create_gamma","decl":{"start":{"line":25,"column":9},"end":{"line":25,"column":21}},"loc":{"start":{"line":25,"column":41},"end":{"line":86,"column":1}},"line":25},"1":{"name":"fast_hotspot_selection","decl":{"start":{"line":93,"column":9},"end":{"line":93,"column":31}},"loc":{"start":{"line":93,"column":41},"end":{"line":139,"column":1}},"line":93},"2":{"name":"fast_hotspot_selection_ng","decl":{"start":{"line":146,"column":9},"end":{"line":146,"column":34}},"loc":{"start":{"line":146,"column":44},"end":{"line":158,"column":1}},"line":146},"3":{"name":"fast_hotspot_selection_ng2","decl":{"start":{"line":166,"column":9},"end":{"line":166,"column":35}},"loc":{"start":{"line":166,"column":58},"end":{"line":211,"column":1}},"line":166}},"branchMap":{"0":{"loc":{"start":{"line":29,"column":4},"end":{"line":31,"column":5}},"type":"if","locations":[{"start":{"line":29,"column":4},"end":{"line":31,"column":5}},{"start":{},"end":{}}],"line":29},"1":{"loc":{"start":{"line":33,"column":4},"end":{"line":35,"column":5}},"type":"if","locations":[{"start":{"line":33,"column":4},"end":{"line":35,"column":5}},{"start":{},"end":{}}],"line":33},"2":{"loc":{"start":{"line":37,"column":4},"end":{"line":39,"column":5}},"type":"if","locations":[{"start":{"line":37,"column":4},"end":{"line":39,"column":5}},{"start":{},"end":{}}],"line":37},"3":{"loc":{"start":{"line":41,"column":4},"end":{"line":43,"column":5}},"type":"if","locations":[{"start":{"line":41,"column":4},"end":{"line":43,"column":5}},{"start":{},"end":{}}],"line":41},"4":{"loc":{"start":{"line":45,"column":4},"end":{"line":47,"column":5}},"type":"if","locations":[{"start":{"line":45,"column":4},"end":{"line":47,"column":5}},{"start":{},"end":{}}],"line":45},"5":{"loc":{"start":{"line":49,"column":4},"end":{"line":51,"column":5}},"type":"if","locations":[{"start":{"line":49,"column":4},"end":{"line":51,"column":5}},{"start":{},"end":{}}],"line":49},"6":{"loc":{"start":{"line":59,"column":4},"end":{"line":61,"column":5}},"type":"if","locations":[{"start":{"line":59,"column":4},"end":{"line":61,"column":5}},{"start":{},"end":{}}],"line":59},"7":{"loc":{"start":{"line":132,"column":8},"end":{"line":135,"column":9}},"type":"if","locations":[{"start":{"line":132,"column":8},"end":{"line":135,"column":9}},{"start":{},"end":{}}],"line":132},"8":{"loc":{"start":{"line":151,"column":8},"end":{"line":154,"column":9}},"type":"if","locations":[{"start":{"line":151,"column":8},"end":{"line":154,"column":9}},{"start":{},"end":{}}],"line":151},"9":{"loc":{"start":{"line":193,"column":8},"end":{"line":198,"column":9}},"type":"if","locations":[{"start":{"line":193,"column":8},"end":{"line":198,"column":9}},{"start":{},"end":{}}],"line":193},"10":{"loc":{"start":{"line":195,"column":12},"end":{"line":197,"column":13}},"type":"if","locations":[{"start":{"line":195,"column":12},"end":{"line":197,"column":13}},{"start":{},"end":{}}],"line":195},"11":{"loc":{"start":{"line":202,"column":8},"end":{"line":205,"column":9}},"type":"if","locations":[{"start":{"line":202,"column":8},"end":{"line":205,"column":9}},{"start":{},"end":{}}],"line":202}},"s":{"0":0,"1":0,"2":0,"3":0,"4":0,"5":0,"6":0,"7":0,"8":0,"9":0,"10":0,"11":0,"12":0,"13":0,"14":0,"15":0,"16":0,"17":0,"18":0,"19":0,"20":0,"21":0,"22":0,"23":0,"24":0,"25":0,"26":0,"27":0,"28":0,"29":0,"30":0,"31":0,"32":0,"33":0,"34":0,"35":0,"36":0,"37":0,"38":0,"39":0,"40":0,"41":0,"42":0,"43":0,"44":0,"45":0,"46":0,"47":0,"48":0,"49":0,"50":0,"51":0,"52":0,"53":0,"54":0,"55":0,"56":0,"57":3,"58":3,"59":3,"60":3,"61":9,"62":6,"63":6,"64":3,"65":0,"66":0,"67":0,"68":0,"69":0,"70":0,"71":0,"72":0,"73":0,"74":0,"75":0,"76":0,"77":0,"78":0,"79":0,"80":0,"81":0,"82":0,"83":0,"84":0,"85":0,"86":0,"87":0,"88":0,"89":0,"90":0,"91":0,"92":0,"93":1},"f":{"0":0,"1":0,"2":3,"3":0},"b":{"0":[0,0],"1":[0,0],"2":[0,0],"3":[0,0],"4":[0,0],"5":[0,0],"6":[0,0],"7":[0,0],"8":[6,3],"9":[0,0],"10":[0,0],"11":[0,0]},"_coverageSchema":"1a1c01bbd47fc00a2c39e90264f33305004495a9","hash":"d5eea117b023254d250c8985599459e4b9b7f41b"}
,"/Users/rileycook/xmesh/onefi/api/ip.js": {"path":"/Users/rileycook/xmesh/onefi/api/ip.js","statementMap":{"0":{"start":{"line":26,"column":4},"end":{"line":26,"column":35}},"1":{"start":{"line":27,"column":4},"end":{"line":29,"column":5}},"2":{"start":{"line":28,"column":8},"end":{"line":28,"column":21}},"3":{"start":{"line":31,"column":4},"end":{"line":40,"column":5}},"4":{"start":{"line":32,"column":8},"end":{"line":34,"column":9}},"5":{"start":{"line":33,"column":12},"end":{"line":33,"column":25}},"6":{"start":{"line":36,"column":8},"end":{"line":36,"column":23}},"7":{"start":{"line":37,"column":8},"end":{"line":39,"column":9}},"8":{"start":{"line":38,"column":12},"end":{"line":38,"column":25}},"9":{"start":{"line":42,"column":4},"end":{"line":42,"column":16}},"10":{"start":{"line":50,"column":19},"end":{"line":50,"column":38}},"11":{"start":{"line":51,"column":22},"end":{"line":51,"column":50}},"12":{"start":{"line":52,"column":4},"end":{"line":52,"column":35}},"13":{"start":{"line":61,"column":19},"end":{"line":61,"column":38}},"14":{"start":{"line":62,"column":22},"end":{"line":62,"column":50}},"15":{"start":{"line":63,"column":4},"end":{"line":63,"column":41}},"16":{"start":{"line":64,"column":4},"end":{"line":64,"column":45}},"17":{"start":{"line":65,"column":4},"end":{"line":65,"column":16}},"18":{"start":{"line":74,"column":20},"end":{"line":74,"column":39}},"19":{"start":{"line":75,"column":22},"end":{"line":75,"column":50}},"20":{"start":{"line":76,"column":4},"end":{"line":76,"column":28}},"21":{"start":{"line":86,"column":19},"end":{"line":86,"column":38}},"22":{"start":{"line":87,"column":22},"end":{"line":87,"column":50}},"23":{"start":{"line":88,"column":4},"end":{"line":88,"column":38}},"24":{"start":{"line":89,"column":4},"end":{"line":89,"column":45}},"25":{"start":{"line":90,"column":4},"end":{"line":90,"column":16}},"26":{"start":{"line":100,"column":4},"end":{"line":108,"column":5}},"27":{"start":{"line":105,"column":8},"end":{"line":105,"column":20}},"28":{"start":{"line":107,"column":8},"end":{"line":107,"column":21}},"29":{"start":{"line":111,"column":0},"end":{"line":118,"column":2}}},"fnMap":{"0":{"name":"valid_ip","decl":{"start":{"line":25,"column":9},"end":{"line":25,"column":17}},"loc":{"start":{"line":25,"column":22},"end":{"line":43,"column":1}},"line":25},"1":{"name":"get_provider_ip","decl":{"start":{"line":49,"column":9},"end":{"line":49,"column":24}},"loc":{"start":{"line":49,"column":27},"end":{"line":53,"column":1}},"line":49},"2":{"name":"set_provider_ip","decl":{"start":{"line":60,"column":9},"end":{"line":60,"column":24}},"loc":{"start":{"line":60,"column":37},"end":{"line":66,"column":1}},"line":60},"3":{"name":"get_port","decl":{"start":{"line":73,"column":9},"end":{"line":73,"column":17}},"loc":{"start":{"line":73,"column":20},"end":{"line":77,"column":1}},"line":73},"4":{"name":"set_port","decl":{"start":{"line":85,"column":9},"end":{"line":85,"column":17}},"loc":{"start":{"line":85,"column":24},"end":{"line":91,"column":1}},"line":85},"5":{"name":"valid_port","decl":{"start":{"line":99,"column":9},"end":{"line":99,"column":19}},"loc":{"start":{"line":99,"column":26},"end":{"line":109,"column":1}},"line":99}},"branchMap":{"0":{"loc":{"start":{"line":27,"column":4},"end":{"line":29,"column":5}},"type":"if","locations":[{"start":{"line":27,"column":4},"end":{"line":29,"column":5}},{"start":{},"end":{}}],"line":27},"1":{"loc":{"start":{"line":32,"column":8},"end":{"line":34,"column":9}},"type":"if","locations":[{"start":{"line":32,"column":8},"end":{"line":34,"column":9}},{"start":{},"end":{}}],"line":32},"2":{"loc":{"start":{"line":37,"column":8},"end":{"line":39,"column":9}},"type":"if","locations":[{"start":{"line":37,"column":8},"end":{"line":39,"column":9}},{"start":{},"end":{}}],"line":37},"3":{"loc":{"start":{"line":37,"column":12},"end":{"line":37,"column":28}},"type":"binary-expr","locations":[{"start":{"line":37,"column":12},"end":{"line":37,"column":17}},{"start":{"line":37,"column":21},"end":{"line":37,"column":28}}],"line":37},"4":{"loc":{"start":{"line":100,"column":4},"end":{"line":108,"column":5}},"type":"if","locations":[{"start":{"line":100,"column":4},"end":{"line":108,"column":5}},{"start":{"line":106,"column":11},"end":{"line":108,"column":5}}],"line":100},"5":{"loc":{"start":{"line":100,"column":7},"end":{"line":104,"column":46}},"type":"binary-expr","locations":[{"start":{"line":100,"column":7},"end":{"line":100,"column":19}},{"start":{"line":101,"column":11},"end":{"line":101,"column":35}},{"start":{"line":102,"column":11},"end":{"line":102,"column":30}},{"start":{"line":103,"column":11},"end":{"line":103,"column":34}},{"start":{"line":104,"column":11},"end":{"line":104,"column":46}}],"line":100}},"s":{"0":10,"1":10,"2":2,"3":8,"4":31,"5":2,"6":29,"7":29,"8":1,"9":5,"10":2,"11":2,"12":2,"13":1,"14":1,"15":1,"16":1,"17":1,"18":2,"19":2,"20":2,"21":1,"22":1,"23":1,"24":1,"25":1,"26":5,"27":5,"28":0,"29":1},"f":{"0":10,"1":2,"2":1,"3":2,"4":1,"5":5},"b":{"0":[2,8],"1":[2,29],"2":[1,28],"3":[29,29],"4":[5,0],"5":[5,5,5,5,5]},"_coverageSchema":"1a1c01bbd47fc00a2c39e90264f33305004495a9","hash":"aeef8644039dfa1206ad790b6fd040066a9e697f"}
,"/Users/rileycook/xmesh/onefi/api/ssid.js": {"path":"/Users/rileycook/xmesh/onefi/api/ssid.js","statementMap":{"0":{"start":{"line":27,"column":15},"end":{"line":27,"column":35}},"1":{"start":{"line":29,"column":4},"end":{"line":31,"column":7}},"2":{"start":{"line":33,"column":4},"end":{"line":54,"column":7}},"3":{"start":{"line":34,"column":8},"end":{"line":53,"column":9}},"4":{"start":{"line":35,"column":12},"end":{"line":35,"column":48}},"5":{"start":{"line":37,"column":12},"end":{"line":37,"column":43}},"6":{"start":{"line":38,"column":24},"end":{"line":38,"column":26}},"7":{"start":{"line":39,"column":24},"end":{"line":39,"column":26}},"8":{"start":{"line":41,"column":12},"end":{"line":50,"column":13}},"9":{"start":{"line":43,"column":16},"end":{"line":49,"column":17}},"10":{"start":{"line":44,"column":20},"end":{"line":44,"column":39}},"11":{"start":{"line":46,"column":20},"end":{"line":48,"column":22}},"12":{"start":{"line":52,"column":12},"end":{"line":52,"column":44}},"13":{"start":{"line":64,"column":17},"end":{"line":64,"column":49}},"14":{"start":{"line":66,"column":4},"end":{"line":69,"column":7}},"15":{"start":{"line":67,"column":8},"end":{"line":67,"column":30}},"16":{"start":{"line":68,"column":8},"end":{"line":68,"column":34}},"17":{"start":{"line":81,"column":18},"end":{"line":81,"column":20}},"18":{"start":{"line":83,"column":4},"end":{"line":85,"column":5}},"19":{"start":{"line":84,"column":8},"end":{"line":84,"column":56}},"20":{"start":{"line":87,"column":4},"end":{"line":87,"column":19}},"21":{"start":{"line":97,"column":19},"end":{"line":97,"column":38}},"22":{"start":{"line":98,"column":22},"end":{"line":98,"column":50}},"23":{"start":{"line":99,"column":4},"end":{"line":99,"column":30}},"24":{"start":{"line":100,"column":4},"end":{"line":100,"column":45}},"25":{"start":{"line":101,"column":4},"end":{"line":101,"column":16}},"26":{"start":{"line":111,"column":19},"end":{"line":111,"column":38}},"27":{"start":{"line":112,"column":22},"end":{"line":112,"column":50}},"28":{"start":{"line":113,"column":4},"end":{"line":113,"column":50}},"29":{"start":{"line":113,"column":42},"end":{"line":113,"column":48}},"30":{"start":{"line":114,"column":4},"end":{"line":114,"column":45}},"31":{"start":{"line":115,"column":4},"end":{"line":115,"column":16}},"32":{"start":{"line":125,"column":31},"end":{"line":125,"column":87}},"33":{"start":{"line":126,"column":27},"end":{"line":126,"column":79}},"34":{"start":{"line":127,"column":23},"end":{"line":127,"column":71}},"35":{"start":{"line":128,"column":21},"end":{"line":128,"column":67}},"36":{"start":{"line":129,"column":17},"end":{"line":129,"column":81}},"37":{"start":{"line":130,"column":19},"end":{"line":130,"column":63}},"38":{"start":{"line":131,"column":19},"end":{"line":131,"column":63}},"39":{"start":{"line":132,"column":21},"end":{"line":132,"column":67}},"40":{"start":{"line":133,"column":21},"end":{"line":133,"column":37}},"41":{"start":{"line":135,"column":13},"end":{"line":137,"column":33}},"42":{"start":{"line":139,"column":22},"end":{"line":139,"column":63}},"43":{"start":{"line":141,"column":4},"end":{"line":141,"column":30}},"44":{"start":{"line":151,"column":22},"end":{"line":151,"column":39}},"45":{"start":{"line":152,"column":22},"end":{"line":152,"column":72}},"46":{"start":{"line":153,"column":31},"end":{"line":153,"column":57}},"47":{"start":{"line":154,"column":27},"end":{"line":154,"column":53}},"48":{"start":{"line":155,"column":23},"end":{"line":155,"column":49}},"49":{"start":{"line":156,"column":21},"end":{"line":156,"column":47}},"50":{"start":{"line":157,"column":17},"end":{"line":157,"column":44}},"51":{"start":{"line":158,"column":19},"end":{"line":158,"column":47}},"52":{"start":{"line":159,"column":19},"end":{"line":159,"column":47}},"53":{"start":{"line":160,"column":21},"end":{"line":160,"column":49}},"54":{"start":{"line":161,"column":21},"end":{"line":161,"column":49}},"55":{"start":{"line":163,"column":20},"end":{"line":163,"column":22}},"56":{"start":{"line":165,"column":4},"end":{"line":165,"column":68}},"57":{"start":{"line":166,"column":4},"end":{"line":166,"column":60}},"58":{"start":{"line":167,"column":4},"end":{"line":167,"column":52}},"59":{"start":{"line":168,"column":4},"end":{"line":168,"column":48}},"60":{"start":{"line":169,"column":4},"end":{"line":169,"column":62}},"61":{"start":{"line":170,"column":4},"end":{"line":170,"column":44}},"62":{"start":{"line":171,"column":4},"end":{"line":171,"column":44}},"63":{"start":{"line":172,"column":4},"end":{"line":172,"column":48}},"64":{"start":{"line":173,"column":4},"end":{"line":173,"column":34}},"65":{"start":{"line":175,"column":4},"end":{"line":175,"column":21}},"66":{"start":{"line":185,"column":13},"end":{"line":185,"column":34}},"67":{"start":{"line":187,"column":13},"end":{"line":187,"column":28}},"68":{"start":{"line":188,"column":13},"end":{"line":188,"column":28}},"69":{"start":{"line":189,"column":13},"end":{"line":189,"column":28}},"70":{"start":{"line":190,"column":13},"end":{"line":190,"column":28}},"71":{"start":{"line":192,"column":13},"end":{"line":192,"column":55}},"72":{"start":{"line":193,"column":4},"end":{"line":193,"column":14}},"73":{"start":{"line":203,"column":13},"end":{"line":203,"column":45}},"74":{"start":{"line":204,"column":4},"end":{"line":204,"column":42}},"75":{"start":{"line":206,"column":13},"end":{"line":206,"column":42}},"76":{"start":{"line":207,"column":4},"end":{"line":207,"column":39}},"77":{"start":{"line":209,"column":13},"end":{"line":209,"column":40}},"78":{"start":{"line":210,"column":13},"end":{"line":210,"column":33}},"79":{"start":{"line":212,"column":4},"end":{"line":212,"column":37}},"80":{"start":{"line":241,"column":15},"end":{"line":251,"column":5}},"81":{"start":{"line":253,"column":4},"end":{"line":253,"column":16}},"82":{"start":{"line":261,"column":19},"end":{"line":261,"column":38}},"83":{"start":{"line":262,"column":22},"end":{"line":262,"column":50}},"84":{"start":{"line":263,"column":20},"end":{"line":263,"column":40}},"85":{"start":{"line":264,"column":25},"end":{"line":264,"column":50}},"86":{"start":{"line":266,"column":15},"end":{"line":266,"column":16}},"87":{"start":{"line":268,"column":4},"end":{"line":274,"column":5}},"88":{"start":{"line":269,"column":8},"end":{"line":269,"column":40}},"89":{"start":{"line":270,"column":11},"end":{"line":274,"column":5}},"90":{"start":{"line":271,"column":8},"end":{"line":271,"column":40}},"91":{"start":{"line":273,"column":8},"end":{"line":273,"column":17}},"92":{"start":{"line":276,"column":20},"end":{"line":286,"column":5}},"93":{"start":{"line":288,"column":4},"end":{"line":288,"column":37}},"94":{"start":{"line":297,"column":4},"end":{"line":303,"column":5}},"95":{"start":{"line":298,"column":8},"end":{"line":302,"column":9}},"96":{"start":{"line":299,"column":30},"end":{"line":299,"column":47}},"97":{"start":{"line":300,"column":30},"end":{"line":300,"column":80}},"98":{"start":{"line":301,"column":12},"end":{"line":301,"column":45}},"99":{"start":{"line":305,"column":4},"end":{"line":305,"column":17}},"100":{"start":{"line":315,"column":14},"end":{"line":315,"column":37}},"101":{"start":{"line":316,"column":4},"end":{"line":322,"column":5}},"102":{"start":{"line":316,"column":16},"end":{"line":316,"column":17}},"103":{"start":{"line":317,"column":16},"end":{"line":317,"column":33}},"104":{"start":{"line":318,"column":8},"end":{"line":321,"column":9}},"105":{"start":{"line":319,"column":12},"end":{"line":319,"column":46}},"106":{"start":{"line":320,"column":12},"end":{"line":320,"column":46}},"107":{"start":{"line":324,"column":4},"end":{"line":324,"column":15}},"108":{"start":{"line":334,"column":14},"end":{"line":334,"column":16}},"109":{"start":{"line":336,"column":4},"end":{"line":341,"column":5}},"110":{"start":{"line":336,"column":16},"end":{"line":336,"column":17}},"111":{"start":{"line":337,"column":16},"end":{"line":337,"column":24}},"112":{"start":{"line":338,"column":8},"end":{"line":340,"column":9}},"113":{"start":{"line":339,"column":12},"end":{"line":339,"column":31}},"114":{"start":{"line":343,"column":4},"end":{"line":343,"column":15}},"115":{"start":{"line":347,"column":0},"end":{"line":360,"column":2}}},"fnMap":{"0":{"name":"ssid_scan","decl":{"start":{"line":26,"column":9},"end":{"line":26,"column":18}},"loc":{"start":{"line":26,"column":36},"end":{"line":55,"column":1}},"line":26},"1":{"name":"(anonymous_1)","decl":{"start":{"line":33,"column":14},"end":{"line":33,"column":15}},"loc":{"start":{"line":33,"column":35},"end":{"line":54,"column":5}},"line":33},"2":{"name":"ssid_scan_experimental","decl":{"start":{"line":63,"column":9},"end":{"line":63,"column":31}},"loc":{"start":{"line":63,"column":49},"end":{"line":70,"column":1}},"line":63},"3":{"name":"(anonymous_3)","decl":{"start":{"line":66,"column":55},"end":{"line":66,"column":56}},"loc":{"start":{"line":66,"column":79},"end":{"line":69,"column":5}},"line":66},"4":{"name":"prepare_ssid_html","decl":{"start":{"line":79,"column":9},"end":{"line":79,"column":26}},"loc":{"start":{"line":79,"column":37},"end":{"line":88,"column":1}},"line":79},"5":{"name":"save_ssids","decl":{"start":{"line":96,"column":9},"end":{"line":96,"column":19}},"loc":{"start":{"line":96,"column":27},"end":{"line":102,"column":1}},"line":96},"6":{"name":"save_ssids_experimental","decl":{"start":{"line":110,"column":9},"end":{"line":110,"column":32}},"loc":{"start":{"line":110,"column":43},"end":{"line":116,"column":1}},"line":110},"7":{"name":"(anonymous_7)","decl":{"start":{"line":113,"column":37},"end":{"line":113,"column":38}},"loc":{"start":{"line":113,"column":42},"end":{"line":113,"column":48}},"line":113},"8":{"name":"serialize_ssid","decl":{"start":{"line":124,"column":9},"end":{"line":124,"column":23}},"loc":{"start":{"line":124,"column":35},"end":{"line":142,"column":1}},"line":124},"9":{"name":"deserialize_ssid","decl":{"start":{"line":150,"column":9},"end":{"line":150,"column":25}},"loc":{"start":{"line":150,"column":32},"end":{"line":176,"column":1}},"line":150},"10":{"name":"ip_quartet_to_number","decl":{"start":{"line":184,"column":9},"end":{"line":184,"column":29}},"loc":{"start":{"line":184,"column":42},"end":{"line":194,"column":1}},"line":184},"11":{"name":"ip_number_to_quartet","decl":{"start":{"line":202,"column":9},"end":{"line":202,"column":29}},"loc":{"start":{"line":202,"column":41},"end":{"line":213,"column":1}},"line":202},"12":{"name":"compile_ssid_json","decl":{"start":{"line":230,"column":9},"end":{"line":230,"column":26}},"loc":{"start":{"line":240,"column":2},"end":{"line":254,"column":1}},"line":240},"13":{"name":"generate_ssid","decl":{"start":{"line":260,"column":9},"end":{"line":260,"column":22}},"loc":{"start":{"line":260,"column":25},"end":{"line":289,"column":1}},"line":260},"14":{"name":"is_onefi_ssid","decl":{"start":{"line":296,"column":9},"end":{"line":296,"column":22}},"loc":{"start":{"line":296,"column":29},"end":{"line":306,"column":1}},"line":296},"15":{"name":"filter_onefi_neworks","decl":{"start":{"line":314,"column":9},"end":{"line":314,"column":29}},"loc":{"start":{"line":314,"column":40},"end":{"line":325,"column":1}},"line":314},"16":{"name":"filter_onefi_ssids","decl":{"start":{"line":333,"column":9},"end":{"line":333,"column":27}},"loc":{"start":{"line":333,"column":35},"end":{"line":344,"column":1}},"line":333}},"branchMap":{"0":{"loc":{"start":{"line":34,"column":8},"end":{"line":53,"column":9}},"type":"if","locations":[{"start":{"line":34,"column":8},"end":{"line":53,"column":9}},{"start":{"line":36,"column":15},"end":{"line":53,"column":9}}],"line":34},"1":{"loc":{"start":{"line":43,"column":16},"end":{"line":49,"column":17}},"type":"if","locations":[{"start":{"line":43,"column":16},"end":{"line":49,"column":17}},{"start":{},"end":{}}],"line":43},"2":{"loc":{"start":{"line":268,"column":4},"end":{"line":274,"column":5}},"type":"if","locations":[{"start":{"line":268,"column":4},"end":{"line":274,"column":5}},{"start":{"line":270,"column":11},"end":{"line":274,"column":5}}],"line":268},"3":{"loc":{"start":{"line":270,"column":11},"end":{"line":274,"column":5}},"type":"if","locations":[{"start":{"line":270,"column":11},"end":{"line":274,"column":5}},{"start":{"line":272,"column":11},"end":{"line":274,"column":5}}],"line":270},"4":{"loc":{"start":{"line":297,"column":4},"end":{"line":303,"column":5}},"type":"if","locations":[{"start":{"line":297,"column":4},"end":{"line":303,"column":5}},{"start":{},"end":{}}],"line":297},"5":{"loc":{"start":{"line":298,"column":8},"end":{"line":302,"column":9}},"type":"if","locations":[{"start":{"line":298,"column":8},"end":{"line":302,"column":9}},{"start":{},"end":{}}],"line":298},"6":{"loc":{"start":{"line":298,"column":11},"end":{"line":298,"column":45}},"type":"binary-expr","locations":[{"start":{"line":298,"column":11},"end":{"line":298,"column":26}},{"start":{"line":298,"column":30},"end":{"line":298,"column":45}}],"line":298},"7":{"loc":{"start":{"line":318,"column":8},"end":{"line":321,"column":9}},"type":"if","locations":[{"start":{"line":318,"column":8},"end":{"line":321,"column":9}},{"start":{},"end":{}}],"line":318},"8":{"loc":{"start":{"line":338,"column":8},"end":{"line":340,"column":9}},"type":"if","locations":[{"start":{"line":338,"column":8},"end":{"line":340,"column":9}},{"start":{},"end":{}}],"line":338}},"s":{"0":0,"1":0,"2":0,"3":0,"4":0,"5":0,"6":0,"7":0,"8":0,"9":0,"10":0,"11":0,"12":0,"13":0,"14":0,"15":0,"16":0,"17":0,"18":0,"19":0,"20":0,"21":0,"22":0,"23":0,"24":0,"25":0,"26":0,"27":0,"28":0,"29":0,"30":0,"31":0,"32":0,"33":0,"34":0,"35":0,"36":0,"37":0,"38":0,"39":0,"40":0,"41":0,"42":0,"43":0,"44":0,"45":0,"46":0,"47":0,"48":0,"49":0,"50":0,"51":0,"52":0,"53":0,"54":0,"55":0,"56":0,"57":0,"58":0,"59":0,"60":0,"61":0,"62":0,"63":0,"64":0,"65":0,"66":0,"67":0,"68":0,"69":0,"70":0,"71":0,"72":0,"73":0,"74":0,"75":0,"76":0,"77":0,"78":0,"79":0,"80":0,"81":0,"82":0,"83":0,"84":0,"85":0,"86":0,"87":0,"88":0,"89":0,"90":0,"91":0,"92":0,"93":0,"94":22,"95":22,"96":18,"97":18,"98":18,"99":4,"100":3,"101":3,"102":3,"103":18,"104":18,"105":9,"106":9,"107":3,"108":0,"109":0,"110":0,"111":0,"112":0,"113":0,"114":0,"115":1},"f":{"0":0,"1":0,"2":0,"3":0,"4":0,"5":0,"6":0,"7":0,"8":0,"9":0,"10":0,"11":0,"12":0,"13":0,"14":22,"15":3,"16":0},"b":{"0":[0,0],"1":[0,0],"2":[0,0],"3":[0,0],"4":[22,0],"5":[18,4],"6":[22,19],"7":[9,9],"8":[0,0]},"_coverageSchema":"1a1c01bbd47fc00a2c39e90264f33305004495a9","hash":"bf58db877abd85bc0291395d46bd6139dbb2a7da"}
,"/Users/rileycook/xmesh/onefi/api/symcrypto.js": {"path":"/Users/rileycook/xmesh/onefi/api/symcrypto.js","statementMap":{"0":{"start":{"line":28,"column":19},"end":{"line":28,"column":36}},"1":{"start":{"line":29,"column":16},"end":{"line":29,"column":69}},"2":{"start":{"line":30,"column":17},"end":{"line":30,"column":78}},"3":{"start":{"line":31,"column":18},"end":{"line":31,"column":53}},"4":{"start":{"line":32,"column":4},"end":{"line":32,"column":38}},"5":{"start":{"line":33,"column":4},"end":{"line":33,"column":19}},"6":{"start":{"line":44,"column":19},"end":{"line":44,"column":36}},"7":{"start":{"line":45,"column":16},"end":{"line":45,"column":69}},"8":{"start":{"line":46,"column":19},"end":{"line":46,"column":82}},"9":{"start":{"line":47,"column":14},"end":{"line":47,"column":60}},"10":{"start":{"line":48,"column":4},"end":{"line":48,"column":34}},"11":{"start":{"line":49,"column":4},"end":{"line":49,"column":15}},"12":{"start":{"line":52,"column":0},"end":{"line":52,"column":65}}},"fnMap":{"0":{"name":"encrypt_aes256ctr_base64","decl":{"start":{"line":27,"column":9},"end":{"line":27,"column":33}},"loc":{"start":{"line":27,"column":50},"end":{"line":34,"column":1}},"line":27},"1":{"name":"decrypt_aes256ctr","decl":{"start":{"line":43,"column":9},"end":{"line":43,"column":26}},"loc":{"start":{"line":43,"column":52},"end":{"line":50,"column":1}},"line":43}},"branchMap":{},"s":{"0":3,"1":3,"2":3,"3":3,"4":3,"5":3,"6":2,"7":2,"8":2,"9":2,"10":2,"11":2,"12":2},"f":{"0":3,"1":2},"b":{},"_coverageSchema":"1a1c01bbd47fc00a2c39e90264f33305004495a9","hash":"9ba73b27dc6505e0986b4bd253e7f99d352e0f40"}
}
