TN:
SF:api/account.js
FN:26,generate_account
FN:48,import_account
FN:67,get_prk
FN:85,test_prk_format
FN:112,test_prk
FN:128,delete_current_account
FN:145,test_address
FN:157,get_account_raw_prefix
FNF:8
FNH:8
FNDA:1,generate_account
FNDA:1,import_account
FNDA:1,get_prk
FNDA:4,test_prk_format
FNDA:2,test_prk
FNDA:1,delete_current_account
FNDA:4,test_address
FNDA:1,get_account_raw_prefix
DA:27,1
DA:28,1
DA:29,1
DA:30,1
DA:32,1
DA:33,1
DA:34,1
DA:35,1
DA:36,1
DA:37,1
DA:39,1
DA:49,1
DA:50,1
DA:51,1
DA:52,1
DA:53,1
DA:54,1
DA:55,1
DA:56,1
DA:57,1
DA:59,1
DA:68,1
DA:69,1
DA:70,1
DA:71,1
DA:73,1
DA:74,0
DA:77,1
DA:86,4
DA:87,4
DA:88,4
DA:89,3
DA:92,4
DA:93,4
DA:94,256
DA:95,0
DA:96,0
DA:100,0
DA:103,4
DA:113,2
DA:114,0
DA:117,2
DA:118,2
DA:119,2
DA:120,2
DA:129,1
DA:130,1
DA:132,1
DA:133,1
DA:134,1
DA:135,1
DA:137,1
DA:146,4
DA:147,4
DA:148,4
DA:158,1
DA:159,1
DA:161,1
DA:162,0
DA:165,1
DA:169,1
LF:61
LH:55
BRDA:73,0,0,0
BRDA:73,0,1,1
BRDA:73,1,0,1
BRDA:73,1,1,1
BRDA:87,2,0,4
BRDA:87,2,1,0
BRDA:88,3,0,3
BRDA:88,3,1,1
BRDA:88,4,0,4
BRDA:88,4,1,3
BRDA:92,5,0,4
BRDA:92,5,1,0
BRDA:94,6,0,0
BRDA:94,6,1,256
BRDA:113,7,0,0
BRDA:113,7,1,2
BRDA:161,8,0,0
BRDA:161,8,1,1
BRF:18
BRH:12
end_of_record
TN:
SF:api/config.js
FN:25,read_config
FN:58,write_config
FN:88,get_config_path
FN:98,config_exists
FN:118,config_init
FN:145,config_init_if_absent
FN:159,read_default_config
FN:168,write_default_config
FN:176,read_default_config_db
FN:185,write_default_config_db
FNF:10
FNH:5
FNDA:9,read_config
FNDA:3,write_config
FNDA:12,get_config_path
FNDA:0,config_exists
FNDA:0,config_init
FNDA:0,config_init_if_absent
FNDA:9,read_default_config
FNDA:3,write_default_config
FNDA:0,read_default_config_db
FNDA:0,write_default_config_db
DA:26,9
DA:27,9
DA:29,9
DA:30,9
DA:31,9
DA:33,0
DA:36,9
DA:37,9
DA:38,9
DA:40,0
DA:43,9
DA:44,9
DA:46,0
DA:49,9
DA:59,3
DA:60,3
DA:62,3
DA:63,3
DA:65,0
DA:68,3
DA:69,3
DA:71,3
DA:72,3
DA:74,0
DA:77,3
DA:78,0
DA:80,3
DA:89,12
DA:90,12
DA:91,12
DA:99,0
DA:100,0
DA:102,0
DA:103,0
DA:104,0
DA:107,0
DA:110,0
DA:119,0
DA:122,0
DA:123,0
DA:125,0
DA:126,0
DA:128,0
DA:129,0
DA:133,0
DA:136,0
DA:146,0
DA:147,0
DA:148,0
DA:150,0
DA:160,9
DA:169,3
DA:177,0
DA:186,0
DA:189,2
LF:55
LH:27
BRDA:77,0,0,0
BRDA:77,0,1,3
BRDA:103,1,0,0
BRDA:103,1,1,0
BRDA:146,2,0,0
BRDA:146,2,1,0
BRF:6
BRH:1
end_of_record
TN:
SF:api/fast_hotspot_selection.js
FN:25,create_gamma
FN:93,fast_hotspot_selection
FN:146,fast_hotspot_selection_ng
FN:166,fast_hotspot_selection_ng2
FNF:4
FNH:1
FNDA:0,create_gamma
FNDA:0,fast_hotspot_selection
FNDA:3,fast_hotspot_selection_ng
FNDA:0,fast_hotspot_selection_ng2
DA:27,0
DA:29,0
DA:30,0
DA:33,0
DA:34,0
DA:37,0
DA:38,0
DA:41,0
DA:42,0
DA:45,0
DA:46,0
DA:49,0
DA:50,0
DA:53,0
DA:54,0
DA:55,0
DA:57,0
DA:59,0
DA:60,0
DA:63,0
DA:64,0
DA:65,0
DA:66,0
DA:67,0
DA:69,0
DA:70,0
DA:71,0
DA:73,0
DA:74,0
DA:75,0
DA:77,0
DA:78,0
DA:79,0
DA:80,0
DA:82,0
DA:83,0
DA:85,0
DA:94,0
DA:95,0
DA:96,0
DA:98,0
DA:100,0
DA:102,0
DA:104,0
DA:106,0
DA:108,0
DA:125,0
DA:126,0
DA:129,0
DA:130,0
DA:131,0
DA:132,0
DA:133,0
DA:134,0
DA:138,0
DA:147,3
DA:148,3
DA:150,3
DA:151,9
DA:152,6
DA:153,6
DA:157,3
DA:171,0
DA:172,0
DA:173,0
DA:174,0
DA:175,0
DA:176,0
DA:177,0
DA:180,0
DA:181,0
DA:182,0
DA:183,0
DA:184,0
DA:185,0
DA:186,0
DA:188,0
DA:189,0
DA:190,0
DA:191,0
DA:193,0
DA:194,0
DA:195,0
DA:196,0
DA:202,0
DA:203,0
DA:204,0
DA:208,0
DA:210,0
DA:213,1
LF:90
LH:8
BRDA:29,0,0,0
BRDA:29,0,1,0
BRDA:33,1,0,0
BRDA:33,1,1,0
BRDA:37,2,0,0
BRDA:37,2,1,0
BRDA:41,3,0,0
BRDA:41,3,1,0
BRDA:45,4,0,0
BRDA:45,4,1,0
BRDA:49,5,0,0
BRDA:49,5,1,0
BRDA:59,6,0,0
BRDA:59,6,1,0
BRDA:132,7,0,0
BRDA:132,7,1,0
BRDA:151,8,0,6
BRDA:151,8,1,3
BRDA:193,9,0,0
BRDA:193,9,1,0
BRDA:195,10,0,0
BRDA:195,10,1,0
BRDA:202,11,0,0
BRDA:202,11,1,0
BRF:24
BRH:2
end_of_record
TN:
SF:api/ip.js
FN:25,valid_ip
FN:49,get_provider_ip
FN:60,set_provider_ip
FN:73,get_port
FN:85,set_port
FN:99,valid_port
FNF:6
FNH:6
FNDA:10,valid_ip
FNDA:2,get_provider_ip
FNDA:1,set_provider_ip
FNDA:2,get_port
FNDA:1,set_port
FNDA:5,valid_port
DA:26,10
DA:27,10
DA:28,2
DA:31,8
DA:32,31
DA:33,2
DA:36,29
DA:37,29
DA:38,1
DA:42,5
DA:50,2
DA:51,2
DA:52,2
DA:61,1
DA:62,1
DA:63,1
DA:64,1
DA:65,1
DA:74,2
DA:75,2
DA:76,2
DA:86,1
DA:87,1
DA:88,1
DA:89,1
DA:90,1
DA:100,5
DA:105,5
DA:107,0
DA:111,1
LF:30
LH:29
BRDA:27,0,0,2
BRDA:27,0,1,8
BRDA:32,1,0,2
BRDA:32,1,1,29
BRDA:37,2,0,1
BRDA:37,2,1,28
BRDA:37,3,0,29
BRDA:37,3,1,29
BRDA:100,4,0,5
BRDA:100,4,1,0
BRDA:100,5,0,5
BRDA:100,5,1,5
BRDA:100,5,2,5
BRDA:100,5,3,5
BRDA:100,5,4,5
BRF:15
BRH:14
end_of_record
TN:
SF:api/ssid.js
FN:26,ssid_scan
FN:33,(anonymous_1)
FN:63,ssid_scan_experimental
FN:66,(anonymous_3)
FN:79,prepare_ssid_html
FN:96,save_ssids
FN:110,save_ssids_experimental
FN:113,(anonymous_7)
FN:124,serialize_ssid
FN:150,deserialize_ssid
FN:184,ip_quartet_to_number
FN:202,ip_number_to_quartet
FN:230,compile_ssid_json
FN:260,generate_ssid
FN:296,is_onefi_ssid
FN:314,filter_onefi_neworks
FN:333,filter_onefi_ssids
FNF:17
FNH:2
FNDA:0,ssid_scan
FNDA:0,(anonymous_1)
FNDA:0,ssid_scan_experimental
FNDA:0,(anonymous_3)
FNDA:0,prepare_ssid_html
FNDA:0,save_ssids
FNDA:0,save_ssids_experimental
FNDA:0,(anonymous_7)
FNDA:0,serialize_ssid
FNDA:0,deserialize_ssid
FNDA:0,ip_quartet_to_number
FNDA:0,ip_number_to_quartet
FNDA:0,compile_ssid_json
FNDA:0,generate_ssid
FNDA:22,is_onefi_ssid
FNDA:3,filter_onefi_neworks
FNDA:0,filter_onefi_ssids
DA:27,0
DA:29,0
DA:33,0
DA:34,0
DA:35,0
DA:37,0
DA:38,0
DA:39,0
DA:41,0
DA:43,0
DA:44,0
DA:46,0
DA:52,0
DA:64,0
DA:66,0
DA:67,0
DA:68,0
DA:81,0
DA:83,0
DA:84,0
DA:87,0
DA:97,0
DA:98,0
DA:99,0
DA:100,0
DA:101,0
DA:111,0
DA:112,0
DA:113,0
DA:114,0
DA:115,0
DA:125,0
DA:126,0
DA:127,0
DA:128,0
DA:129,0
DA:130,0
DA:131,0
DA:132,0
DA:133,0
DA:135,0
DA:139,0
DA:141,0
DA:151,0
DA:152,0
DA:153,0
DA:154,0
DA:155,0
DA:156,0
DA:157,0
DA:158,0
DA:159,0
DA:160,0
DA:161,0
DA:163,0
DA:165,0
DA:166,0
DA:167,0
DA:168,0
DA:169,0
DA:170,0
DA:171,0
DA:172,0
DA:173,0
DA:175,0
DA:185,0
DA:187,0
DA:188,0
DA:189,0
DA:190,0
DA:192,0
DA:193,0
DA:203,0
DA:204,0
DA:206,0
DA:207,0
DA:209,0
DA:210,0
DA:212,0
DA:241,0
DA:253,0
DA:261,0
DA:262,0
DA:263,0
DA:264,0
DA:266,0
DA:268,0
DA:269,0
DA:270,0
DA:271,0
DA:273,0
DA:276,0
DA:288,0
DA:297,22
DA:298,22
DA:299,18
DA:300,18
DA:301,18
DA:305,4
DA:315,3
DA:316,3
DA:317,18
DA:318,18
DA:319,9
DA:320,9
DA:324,3
DA:334,0
DA:336,0
DA:337,0
DA:338,0
DA:339,0
DA:343,0
DA:347,1
LF:113
LH:14
BRDA:34,0,0,0
BRDA:34,0,1,0
BRDA:43,1,0,0
BRDA:43,1,1,0
BRDA:268,2,0,0
BRDA:268,2,1,0
BRDA:270,3,0,0
BRDA:270,3,1,0
BRDA:297,4,0,22
BRDA:297,4,1,0
BRDA:298,5,0,18
BRDA:298,5,1,4
BRDA:298,6,0,22
BRDA:298,6,1,19
BRDA:318,7,0,9
BRDA:318,7,1,9
BRDA:338,8,0,0
BRDA:338,8,1,0
BRF:18
BRH:7
end_of_record
TN:
SF:api/symcrypto.js
FN:27,encrypt_aes256ctr_base64
FN:43,decrypt_aes256ctr
FNF:2
FNH:2
FNDA:3,encrypt_aes256ctr_base64
FNDA:2,decrypt_aes256ctr
DA:28,3
DA:29,3
DA:30,3
DA:31,3
DA:32,3
DA:33,3
DA:44,2
DA:45,2
DA:46,2
DA:47,2
DA:48,2
DA:49,2
DA:52,2
LF:13
LH:13
BRF:0
BRH:0
end_of_record
